[debug] [2026-07-02T06:48:02.623Z] ----------------------------------------------------------------------
[debug] [2026-07-02T06:48:02.625Z] Command:       C:\nvm4w\nodejs\node.exe C:\Users\hsian\AppData\Local\npm-cache\_npx\ba4f1959e38407b5\node_modules\firebase-tools\lib\bin\firebase.js projects:create -n Proverbs Game proverbs-game-yutinxai
[debug] [2026-07-02T06:48:02.625Z] CLI Version:   15.22.4
[debug] [2026-07-02T06:48:02.625Z] Platform:      win32
[debug] [2026-07-02T06:48:02.625Z] Node Version:  v24.12.0
[debug] [2026-07-02T06:48:02.625Z] Detected Agent: antigravity
[debug] [2026-07-02T06:48:02.625Z] Time:          Thu Jul 02 2026 14:48:02 GMT+0800 (台北標準時間)
[debug] [2026-07-02T06:48:02.625Z] ----------------------------------------------------------------------
[debug] 
[debug] [2026-07-02T06:48:02.631Z] > command requires scopes: ["email","openid","https://www.googleapis.com/auth/cloudplatformprojects.readonly","https://www.googleapis.com/auth/firebase","https://www.googleapis.com/auth/cloud-platform"]
[debug] [2026-07-02T06:48:02.631Z] > authorizing via signed-in user (yutinxai@gmail.com)
[debug] [2026-07-02T06:48:02.634Z] Checked if tokens are valid: true, expires at: 1782978462905
[debug] [2026-07-02T06:48:02.634Z] Checked if tokens are valid: true, expires at: 1782978462905
[debug] [2026-07-02T06:48:02.635Z] >>> [apiv2][query] POST https://cloudresourcemanager.googleapis.com/v1/projects [none]
[debug] [2026-07-02T06:48:02.635Z] >>> [apiv2][body] POST https://cloudresourcemanager.googleapis.com/v1/projects {"projectId":"proverbs-game-yutinxai","name":"Proverbs Game"}
[debug] [2026-07-02T06:48:03.972Z] <<< [apiv2][status] POST https://cloudresourcemanager.googleapis.com/v1/projects 200
[debug] [2026-07-02T06:48:03.972Z] <<< [apiv2][body] POST https://cloudresourcemanager.googleapis.com/v1/projects {"name":"operations/create_project.global.6068857405004566669"}
[debug] [2026-07-02T06:48:03.972Z] Checked if tokens are valid: true, expires at: 1782978462905
[debug] [2026-07-02T06:48:03.972Z] Checked if tokens are valid: true, expires at: 1782978462905
[debug] [2026-07-02T06:48:03.972Z] >>> [apiv2][query] GET https://cloudresourcemanager.googleapis.com/v1/operations/create_project.global.6068857405004566669 [none]
[debug] [2026-07-02T06:48:04.820Z] <<< [apiv2][status] GET https://cloudresourcemanager.googleapis.com/v1/operations/create_project.global.6068857405004566669 200
[debug] [2026-07-02T06:48:04.821Z] <<< [apiv2][body] GET https://cloudresourcemanager.googleapis.com/v1/operations/create_project.global.6068857405004566669 {"name":"operations/create_project.global.6068857405004566669"}
[debug] [2026-07-02T06:48:05.328Z] [Project Creation Poller] Retrying task index 0
[debug] [2026-07-02T06:48:05.328Z] Checked if tokens are valid: true, expires at: 1782978462905
[debug] [2026-07-02T06:48:05.328Z] Checked if tokens are valid: true, expires at: 1782978462905
[debug] [2026-07-02T06:48:05.328Z] >>> [apiv2][query] GET https://cloudresourcemanager.googleapis.com/v1/operations/create_project.global.6068857405004566669 [none]
[debug] [2026-07-02T06:48:05.561Z] <<< [apiv2][status] GET https://cloudresourcemanager.googleapis.com/v1/operations/create_project.global.6068857405004566669 200
[debug] [2026-07-02T06:48:05.561Z] <<< [apiv2][body] GET https://cloudresourcemanager.googleapis.com/v1/operations/create_project.global.6068857405004566669 {"name":"operations/create_project.global.6068857405004566669","metadata":{"@type":"type.googleapis.com/google.cloudresourcemanager.v1.ProjectCreationStatus","gettable":true,"ready":true},"done":true,"response":{"@type":"type.googleapis.com/google.cloudresourcemanager.v1.Project","projectNumber":"253009232677","projectId":"proverbs-game-yutinxai","lifecycleState":"ACTIVE","name":"Proverbs Game","createTime":"2026-07-02T06:48:03.303Z"}}
[debug] [2026-07-02T06:48:05.561Z] Checked if tokens are valid: true, expires at: 1782978462905
[debug] [2026-07-02T06:48:05.561Z] Checked if tokens are valid: true, expires at: 1782978462905
[debug] [2026-07-02T06:48:05.562Z] >>> [apiv2][query] POST https://firebase.googleapis.com/v1beta1/projects/proverbs-game-yutinxai:addFirebase [none]
[debug] [2026-07-02T06:48:06.819Z] <<< [apiv2][status] POST https://firebase.googleapis.com/v1beta1/projects/proverbs-game-yutinxai:addFirebase 403
[debug] [2026-07-02T06:48:06.819Z] <<< [apiv2][body] POST https://firebase.googleapis.com/v1beta1/projects/proverbs-game-yutinxai:addFirebase {"error":{"code":403,"message":"The caller does not have permission","status":"PERMISSION_DENIED"}}
[debug] [2026-07-02T06:48:06.819Z] Request to https://firebase.googleapis.com/v1beta1/projects/proverbs-game-yutinxai:addFirebase had HTTP Error: 403, The caller does not have permission
[debug] [2026-07-02T06:48:06.908Z] FirebaseError: Request to https://firebase.googleapis.com/v1beta1/projects/proverbs-game-yutinxai:addFirebase had HTTP Error: 403, The caller does not have permission
    at responseToError (C:\Users\hsian\AppData\Local\npm-cache\_npx\ba4f1959e38407b5\node_modules\firebase-tools\lib\responseToError.js:53:12)
    at RetryOperation._fn (C:\Users\hsian\AppData\Local\npm-cache\_npx\ba4f1959e38407b5\node_modules\firebase-tools\lib\apiv2.js:381:77)
    at process.processTicksAndRejections (node:internal/process/task_queues:103:5)
[error] 
[error] Error: Failed to add Firebase to Google Cloud Platform project. See firebase-debug.log for more info.
